0 info it worked if it ends with ok
1 verbose cli [ '/usr/local/bin/node', '/usr/local/bin/npm', 'start' ]
2 info using npm@3.10.10
3 info using node@v6.12.0
4 verbose run-script [ 'prestart', 'start', 'poststart' ]
5 info lifecycle two-way-binding@1.0.0~prestart: two-way-binding@1.0.0
6 verbose lifecycle two-way-binding@1.0.0~prestart: unsafe-perm in lifecycle true
7 verbose lifecycle two-way-binding@1.0.0~prestart: PATH: /usr/local/lib/node_modules/npm/bin/node-gyp-bin:/Users/juan.carranza/Desktop/property-binding/node_modules/.bin:/usr/local/bin:/usr/bin:/bin:/usr/sbin:/sbin
8 verbose lifecycle two-way-binding@1.0.0~prestart: CWD: /Users/juan.carranza/Desktop/property-binding
9 silly lifecycle two-way-binding@1.0.0~prestart: Args: [ '-c', 'npm run build' ]
10 silly lifecycle two-way-binding@1.0.0~prestart: Returned: code: 1  signal: null
11 info lifecycle two-way-binding@1.0.0~prestart: Failed to exec prestart script
12 verbose stack Error: two-way-binding@1.0.0 prestart: `npm run build`
12 verbose stack Exit status 1
12 verbose stack     at EventEmitter.<anonymous> (/usr/local/lib/node_modules/npm/lib/utils/lifecycle.js:255:16)
12 verbose stack     at emitTwo (events.js:106:13)
12 verbose stack     at EventEmitter.emit (events.js:191:7)
12 verbose stack     at ChildProcess.<anonymous> (/usr/local/lib/node_modules/npm/lib/utils/spawn.js:40:14)
12 verbose stack     at emitTwo (events.js:106:13)
12 verbose stack     at ChildProcess.emit (events.js:191:7)
12 verbose stack     at maybeClose (internal/child_process.js:920:16)
12 verbose stack     at Process.ChildProcess._handle.onexit (internal/child_process.js:230:5)
13 verbose pkgid two-way-binding@1.0.0
14 verbose cwd /Users/juan.carranza/Desktop/property-binding
15 error Darwin 16.7.0
16 error argv "/usr/local/bin/node" "/usr/local/bin/npm" "start"
17 error node v6.12.0
18 error npm  v3.10.10
19 error code ELIFECYCLE
20 error two-way-binding@1.0.0 prestart: `npm run build`
20 error Exit status 1
21 error Failed at the two-way-binding@1.0.0 prestart script 'npm run build'.
21 error Make sure you have the latest version of node.js and npm installed.
21 error If you do, this is most likely a problem with the two-way-binding package,
21 error not with npm itself.
21 error Tell the author that this fails on your system:
21 error     npm run build
21 error You can get information on how to open an issue for this project with:
21 error     npm bugs two-way-binding
21 error Or if that isn't available, you can get their info via:
21 error     npm owner ls two-way-binding
21 error There is likely additional logging output above.
22 verbose exit [ 1, true ]
